[14/Jun/2019:13:49:32 +0300] 0:0:0:0:0:0:0:1 "GET /api/v1/address HTTP/1.1" 200 (477 ms)
[14/Jun/2019:13:49:32 +0300] 0:0:0:0:0:0:0:1 "GET /favicon.ico HTTP/1.1" 200 (22 ms)
[14/Jun/2019:13:50:13 +0300] 0:0:0:0:0:0:0:1 "GET /api/v1/address?sorted=true HTTP/1.1" 200 (17 ms)
[14/Jun/2019:13:50:24 +0300] 0:0:0:0:0:0:0:1 "GET /api/v1/address HTTP/1.1" 200 (13 ms)
[14/Jun/2019:13:53:14 +0300] 0:0:0:0:0:0:0:1 "GET /api/v1/address HTTP/1.1" 200 (10 ms)
[14/Jun/2019:13:53:14 +0300] 0:0:0:0:0:0:0:1 "GET /favicon.ico HTTP/1.1" 200 (18 ms)
[14/Jun/2019:13:53:15 +0300] 0:0:0:0:0:0:0:1 "GET /api/v1/address HTTP/1.1" 200 (14 ms)
[14/Jun/2019:13:53:15 +0300] 0:0:0:0:0:0:0:1 "GET /favicon.ico HTTP/1.1" 200 (3 ms)
[14/Jun/2019:13:53:15 +0300] 0:0:0:0:0:0:0:1 "GET /api/v1/address HTTP/1.1" 200 (20 ms)
[14/Jun/2019:13:53:15 +0300] 0:0:0:0:0:0:0:1 "GET /favicon.ico HTTP/1.1" 200 (9 ms)
[14/Jun/2019:13:53:16 +0300] 0:0:0:0:0:0:0:1 "GET /api/v1/address HTTP/1.1" 200 (9 ms)
[14/Jun/2019:13:53:16 +0300] 0:0:0:0:0:0:0:1 "GET /favicon.ico HTTP/1.1" 200 (9 ms)
[14/Jun/2019:13:53:16 +0300] 0:0:0:0:0:0:0:1 "GET /api/v1/address HTTP/1.1" 200 (7 ms)
[14/Jun/2019:13:53:16 +0300] 0:0:0:0:0:0:0:1 "GET /favicon.ico HTTP/1.1" 200 (5 ms)
[14/Jun/2019:13:53:16 +0300] 0:0:0:0:0:0:0:1 "GET /api/v1/address HTTP/1.1" 200 (8 ms)
[14/Jun/2019:13:53:16 +0300] 0:0:0:0:0:0:0:1 "GET /favicon.ico HTTP/1.1" 200 (6 ms)
[14/Jun/2019:14:02:54 +0300] 0:0:0:0:0:0:0:1 "GET /api/v1/address HTTP/1.1" 200 (10 ms)
[14/Jun/2019:14:02:54 +0300] 0:0:0:0:0:0:0:1 "GET /favicon.ico HTTP/1.1" 200 (9 ms)
[14/Jun/2019:14:02:55 +0300] 0:0:0:0:0:0:0:1 "GET /api/v1/address HTTP/1.1" 200 (13 ms)
[14/Jun/2019:14:02:55 +0300] 0:0:0:0:0:0:0:1 "GET /favicon.ico HTTP/1.1" 200 (5 ms)
[14/Jun/2019:14:02:56 +0300] 0:0:0:0:0:0:0:1 "GET /api/v1/address HTTP/1.1" 200 (10 ms)
[14/Jun/2019:14:02:56 +0300] 0:0:0:0:0:0:0:1 "GET /favicon.ico HTTP/1.1" 200 (6 ms)
[14/Jun/2019:14:02:56 +0300] 0:0:0:0:0:0:0:1 "GET /api/v1/address HTTP/1.1" 200 (8 ms)
[14/Jun/2019:14:02:56 +0300] 0:0:0:0:0:0:0:1 "GET /favicon.ico HTTP/1.1" 200 (6 ms)
[14/Jun/2019:14:02:56 +0300] 0:0:0:0:0:0:0:1 "GET /api/v1/address HTTP/1.1" 200 (6 ms)
[14/Jun/2019:14:02:56 +0300] 0:0:0:0:0:0:0:1 "GET /favicon.ico HTTP/1.1" 200 (4 ms)
[14/Jun/2019:14:02:56 +0300] 0:0:0:0:0:0:0:1 "GET /api/v1/address HTTP/1.1" 200 (10 ms)
[14/Jun/2019:14:02:56 +0300] 0:0:0:0:0:0:0:1 "GET /favicon.ico HTTP/1.1" 200 (7 ms)
[14/Jun/2019:14:02:57 +0300] 0:0:0:0:0:0:0:1 "GET /api/v1/address HTTP/1.1" 200 (17 ms)
[14/Jun/2019:14:02:57 +0300] 0:0:0:0:0:0:0:1 "GET /favicon.ico HTTP/1.1" 200 (4 ms)
[14/Jun/2019:14:02:57 +0300] 0:0:0:0:0:0:0:1 "GET /api/v1/address HTTP/1.1" 200 (7 ms)
[14/Jun/2019:14:02:57 +0300] 0:0:0:0:0:0:0:1 "GET /favicon.ico HTTP/1.1" 200 (13 ms)
[14/Jun/2019:14:02:57 +0300] 0:0:0:0:0:0:0:1 "GET /api/v1/address HTTP/1.1" 200 (6 ms)
[14/Jun/2019:14:02:57 +0300] 0:0:0:0:0:0:0:1 "GET /favicon.ico HTTP/1.1" 200 (5 ms)
[14/Jun/2019:14:02:57 +0300] 0:0:0:0:0:0:0:1 "GET /api/v1/address HTTP/1.1" 200 (6 ms)
[14/Jun/2019:14:02:57 +0300] 0:0:0:0:0:0:0:1 "GET /favicon.ico HTTP/1.1" 200 (5 ms)
[14/Jun/2019:14:02:58 +0300] 0:0:0:0:0:0:0:1 "GET /api/v1/address HTTP/1.1" 200 (14 ms)
[14/Jun/2019:14:02:58 +0300] 0:0:0:0:0:0:0:1 "GET /favicon.ico HTTP/1.1" 200 (5 ms)
[14/Jun/2019:14:02:58 +0300] 0:0:0:0:0:0:0:1 "GET /api/v1/address HTTP/1.1" 200 (6 ms)
[14/Jun/2019:14:02:58 +0300] 0:0:0:0:0:0:0:1 "GET /favicon.ico HTTP/1.1" 200 (5 ms)
[14/Jun/2019:14:13:50 +0300] 0:0:0:0:0:0:0:1 "GET /api/v1/address HTTP/1.1" 200 (19 ms)
[14/Jun/2019:14:13:50 +0300] 0:0:0:0:0:0:0:1 "GET /favicon.ico HTTP/1.1" 200 (8 ms)
[14/Jun/2019:14:13:52 +0300] 0:0:0:0:0:0:0:1 "GET /api/v1/address HTTP/1.1" 200 (8 ms)
[14/Jun/2019:14:13:52 +0300] 0:0:0:0:0:0:0:1 "GET /favicon.ico HTTP/1.1" 200 (6 ms)
[14/Jun/2019:14:13:58 +0300] 0:0:0:0:0:0:0:1 "GET /api/v1/address HTTP/1.1" 200 (10 ms)
[14/Jun/2019:14:13:58 +0300] 0:0:0:0:0:0:0:1 "GET /favicon.ico HTTP/1.1" 200 (5 ms)
[14/Jun/2019:14:14:01 +0300] 0:0:0:0:0:0:0:1 "GET /api/v1/address HTTP/1.1" 200 (7 ms)
[14/Jun/2019:14:14:01 +0300] 0:0:0:0:0:0:0:1 "GET /favicon.ico HTTP/1.1" 200 (6 ms)
[14/Jun/2019:14:18:08 +0300] 0:0:0:0:0:0:0:1 "GET /api/v1/address HTTP/1.1" 200 (12 ms)
[14/Jun/2019:14:18:08 +0300] 0:0:0:0:0:0:0:1 "GET /favicon.ico HTTP/1.1" 200 (12 ms)
[14/Jun/2019:15:45:32 +0300] 0:0:0:0:0:0:0:1 "GET /api/v1/customer HTTP/1.1" 200 (472 ms)
[14/Jun/2019:15:45:43 +0300] 0:0:0:0:0:0:0:1 "GET /api/v1/payment/mode HTTP/1.1" 200 (20 ms)
[14/Jun/2019:15:45:44 +0300] 0:0:0:0:0:0:0:1 "GET /api/v1/payment/mode HTTP/1.1" 200 (15 ms)
[14/Jun/2019:15:45:45 +0300] 0:0:0:0:0:0:0:1 "GET /favicon.ico HTTP/1.1" 200 (19 ms)
[14/Jun/2019:15:45:52 +0300] 0:0:0:0:0:0:0:1 "GET /api/v1/unit HTTP/1.1" 200 (19 ms)
[14/Jun/2019:15:46:04 +0300] 0:0:0:0:0:0:0:1 "GET /api/v1/unit HTTP/1.1" 200 (16 ms)
[14/Jun/2019:15:46:04 +0300] 0:0:0:0:0:0:0:1 "GET /favicon.ico HTTP/1.1" 200 (6 ms)
[14/Jun/2019:16:55:06 +0300] 0:0:0:0:0:0:0:1 "GET /api/v1/products/resource/ HTTP/1.1" 200 (186 ms)
[14/Jun/2019:16:55:14 +0300] 0:0:0:0:0:0:0:1 "GET /api/v1/product HTTP/1.1" 200 (627 ms)
[14/Jun/2019:16:55:22 +0300] 0:0:0:0:0:0:0:1 "GET /api/v1/product/eee HTTP/1.1" 200 (78 ms)
[14/Jun/2019:16:55:26 +0300] 0:0:0:0:0:0:0:1 "GET /api/v1/product/eee HTTP/1.1" 200 (23 ms)
[14/Jun/2019:16:55:26 +0300] 0:0:0:0:0:0:0:1 "GET /favicon.ico HTTP/1.1" 200 (30 ms)
[14/Jun/2019:16:55:32 +0300] 0:0:0:0:0:0:0:1 "GET /api/v1/product/eee HTTP/1.1" 200 (8 ms)
[14/Jun/2019:16:55:32 +0300] 0:0:0:0:0:0:0:1 "GET /favicon.ico HTTP/1.1" 200 (9 ms)
[14/Jun/2019:16:55:32 +0300] 0:0:0:0:0:0:0:1 "GET /api/v1/product/eee HTTP/1.1" 200 (8 ms)
[14/Jun/2019:16:55:33 +0300] 0:0:0:0:0:0:0:1 "GET /favicon.ico HTTP/1.1" 200 (6 ms)
[14/Jun/2019:16:55:33 +0300] 0:0:0:0:0:0:0:1 "GET /api/v1/product/eee HTTP/1.1" 200 (10 ms)
[14/Jun/2019:16:55:33 +0300] 0:0:0:0:0:0:0:1 "GET /favicon.ico HTTP/1.1" 200 (7 ms)
[14/Jun/2019:16:56:06 +0300] 0:0:0:0:0:0:0:1 "GET /api/v1/product/eee HTTP/1.1" 200 (15 ms)
[14/Jun/2019:16:56:06 +0300] 0:0:0:0:0:0:0:1 "GET /favicon.ico HTTP/1.1" 200 (8 ms)
[14/Jun/2019:16:56:27 +0300] 0:0:0:0:0:0:0:1 "GET /api/v1/product/eee HTTP/1.1" 200 (11 ms)
[14/Jun/2019:16:56:27 +0300] 0:0:0:0:0:0:0:1 "GET /favicon.ico HTTP/1.1" 200 (5 ms)
[14/Jun/2019:16:58:44 +0300] 0:0:0:0:0:0:0:1 "GET /api/v1/address/eee HTTP/1.1" 200 (519 ms)
[14/Jun/2019:17:01:12 +0300] 0:0:0:0:0:0:0:1 "GET /api/v1/address/eee HTTP/1.1" 200 (593 ms)
[14/Jun/2019:17:01:12 +0300] 0:0:0:0:0:0:0:1 "GET /favicon.ico HTTP/1.1" 200 (36 ms)
[14/Jun/2019:17:11:06 +0300] 0:0:0:0:0:0:0:1 "GET /api/v1/address/eee HTTP/1.1" 200 (24 ms)
[14/Jun/2019:17:11:06 +0300] 0:0:0:0:0:0:0:1 "GET /favicon.ico HTTP/1.1" 200 (13 ms)
[14/Jun/2019:17:11:28 +0300] 0:0:0:0:0:0:0:1 "GET /api/v1/address/eee HTTP/1.1" 200 (747 ms)
[14/Jun/2019:17:11:28 +0300] 0:0:0:0:0:0:0:1 "GET /favicon.ico HTTP/1.1" 200 (27 ms)
[14/Jun/2019:17:11:30 +0300] 0:0:0:0:0:0:0:1 "GET /api/v1/address/eee HTTP/1.1" 200 (17 ms)
[14/Jun/2019:17:11:30 +0300] 0:0:0:0:0:0:0:1 "GET /favicon.ico HTTP/1.1" 200 (6 ms)
[14/Jun/2019:17:11:35 +0300] 0:0:0:0:0:0:0:1 "GET /api/v1/address/eee HTTP/1.1" 200 (18 ms)
[14/Jun/2019:17:11:35 +0300] 0:0:0:0:0:0:0:1 "GET /favicon.ico HTTP/1.1" 200 (11 ms)
[14/Jun/2019:17:11:35 +0300] 0:0:0:0:0:0:0:1 "GET /api/v1/address/eee HTTP/1.1" 200 (15 ms)
[14/Jun/2019:17:11:35 +0300] 0:0:0:0:0:0:0:1 "GET /favicon.ico HTTP/1.1" 200 (7 ms)
[14/Jun/2019:17:11:36 +0300] 0:0:0:0:0:0:0:1 "GET /api/v1/address/eee HTTP/1.1" 200 (12 ms)
[14/Jun/2019:17:11:36 +0300] 0:0:0:0:0:0:0:1 "GET /favicon.ico HTTP/1.1" 200 (11 ms)
[14/Jun/2019:17:11:36 +0300] 0:0:0:0:0:0:0:1 "GET /api/v1/address/eee HTTP/1.1" 200 (12 ms)
[14/Jun/2019:17:11:36 +0300] 0:0:0:0:0:0:0:1 "GET /favicon.ico HTTP/1.1" 200 (8 ms)
[14/Jun/2019:17:11:36 +0300] 0:0:0:0:0:0:0:1 "GET /api/v1/address/eee HTTP/1.1" 200 (11 ms)
[14/Jun/2019:17:11:36 +0300] 0:0:0:0:0:0:0:1 "GET /favicon.ico HTTP/1.1" 200 (7 ms)
[14/Jun/2019:17:11:36 +0300] 0:0:0:0:0:0:0:1 "GET /api/v1/address/eee HTTP/1.1" 200 (9 ms)
[14/Jun/2019:17:11:36 +0300] 0:0:0:0:0:0:0:1 "GET /favicon.ico HTTP/1.1" 200 (4 ms)
[14/Jun/2019:17:13:17 +0300] 0:0:0:0:0:0:0:1 "POST /api/v1/customer HTTP/1.1" 200 (35 ms)
[14/Jun/2019:17:13:29 +0300] 0:0:0:0:0:0:0:1 "POST /api/v1/customer HTTP/1.1" 200 (35 ms)
[14/Jun/2019:17:13:38 +0300] 0:0:0:0:0:0:0:1 "POST /api/v1/customer HTTP/1.1" 200 (5 ms)
[14/Jun/2019:17:13:48 +0300] 0:0:0:0:0:0:0:1 "POST /api/v1/customer HTTP/1.1" 200 (173 ms)
[14/Jun/2019:17:14:14 +0300] 0:0:0:0:0:0:0:1 "GET /api/v1/customer HTTP/1.1" 200 (100 ms)
[14/Jun/2019:17:24:28 +0300] 0:0:0:0:0:0:0:1 "GET /api/v1/customer HTTP/1.1" 200 (21 ms)
[14/Jun/2019:17:24:28 +0300] 0:0:0:0:0:0:0:1 "GET /favicon.ico HTTP/1.1" 200 (13 ms)
[14/Jun/2019:17:35:18 +0300] 0:0:0:0:0:0:0:1 "POST /api/v1/customer HTTP/1.1" 200 (317 ms)
[14/Jun/2019:17:36:01 +0300] 0:0:0:0:0:0:0:1 "PUT /api/v1/customer/8bdd7d41-6449-4c28-bb84-0ebbca63a18c HTTP/1.1" 200 (17 ms)
[14/Jun/2019:17:50:25 +0300] 0:0:0:0:0:0:0:1 "PUT /api/v1/customer/8bdd7d41-6449-4c28-bb84-0ebbca63a18c HTTP/1.1" 200 (31 ms)
[14/Jun/2019:17:51:48 +0300] 0:0:0:0:0:0:0:1 "PUT /api/v1/customer/8bdd7d41-6449-4c28-bb84-0ebbca63a18c HTTP/1.1" 200 (173 ms)
[14/Jun/2019:17:51:49 +0300] 0:0:0:0:0:0:0:1 "PUT /api/v1/customer/8bdd7d41-6449-4c28-bb84-0ebbca63a18c HTTP/1.1" 200 (9 ms)
[14/Jun/2019:17:51:50 +0300] 0:0:0:0:0:0:0:1 "PUT /api/v1/customer/8bdd7d41-6449-4c28-bb84-0ebbca63a18c HTTP/1.1" 200 (7 ms)
[14/Jun/2019:17:52:39 +0300] 0:0:0:0:0:0:0:1 "PUT /api/v1/customer/8bdd7d41-6449-4c28-bb84-0ebbca63a18c HTTP/1.1" 200 (197 ms)
[14/Jun/2019:17:52:49 +0300] 0:0:0:0:0:0:0:1 "PUT /api/v1/customer/8bdd7d41-6449-4c28-bb84-0ebbca63a18c HTTP/1.1" 200 (92 ms)
[14/Jun/2019:17:54:17 +0300] 0:0:0:0:0:0:0:1 "GET /api/v1/customer HTTP/1.1" 200 (438 ms)
[14/Jun/2019:17:54:17 +0300] 0:0:0:0:0:0:0:1 "GET /favicon.ico HTTP/1.1" 200 (30 ms)
[14/Jun/2019:17:54:53 +0300] 0:0:0:0:0:0:0:1 "DELETE /api/v1/customer/8bdd7d41-6449-4c28-bb84-0ebbca63a18c HTTP/1.1" 200 (149 ms)
[14/Jun/2019:17:54:59 +0300] 0:0:0:0:0:0:0:1 "GET /api/v1/customer HTTP/1.1" 200 (15 ms)
[14/Jun/2019:17:54:59 +0300] 0:0:0:0:0:0:0:1 "GET /favicon.ico HTTP/1.1" 200 (13 ms)
[14/Jun/2019:17:55:02 +0300] 0:0:0:0:0:0:0:1 "GET /api/v1/customer HTTP/1.1" 200 (15 ms)
[14/Jun/2019:17:55:03 +0300] 0:0:0:0:0:0:0:1 "GET /favicon.ico HTTP/1.1" 200 (6 ms)
[14/Jun/2019:17:55:10 +0300] 0:0:0:0:0:0:0:1 "GET /api/v1/customer/http://localhost:8000/api/v1/customer/8bdd7d41-6449-4c28-bb84-0ebbca63a18c HTTP/1.1" 200 (33 ms)
[14/Jun/2019:18:02:27 +0300] 0:0:0:0:0:0:0:1 "POST /api/v1/customer HTTP/1.1" 200 (655 ms)
[14/Jun/2019:18:06:38 +0300] 0:0:0:0:0:0:0:1 "POST /api/v1/address HTTP/1.1" 200 (559 ms)
[14/Jun/2019:18:08:49 +0300] 0:0:0:0:0:0:0:1 "POST /api/v1/category HTTP/1.1" 200 (60 ms)
[14/Jun/2019:18:09:51 +0300] 0:0:0:0:0:0:0:1 "POST /api/v1/category HTTP/1.1" 200 (17 ms)
[14/Jun/2019:18:11:01 +0300] 0:0:0:0:0:0:0:1 "POST /api/v1/category HTTP/1.1" 200 (13 ms)
[14/Jun/2019:18:11:57 +0300] 0:0:0:0:0:0:0:1 "POST /api/v1/unit HTTP/1.1" 200 (22 ms)
[14/Jun/2019:18:12:29 +0300] 0:0:0:0:0:0:0:1 "POST /api/v1/unit HTTP/1.1" 200 (16 ms)
[14/Jun/2019:18:13:07 +0300] 0:0:0:0:0:0:0:1 "POST /api/v1/unit HTTP/1.1" 200 (15 ms)
[14/Jun/2019:18:14:28 +0300] 0:0:0:0:0:0:0:1 "POST /api/v1/payment HTTP/1.1" 200 (56 ms)
[14/Jun/2019:18:14:41 +0300] 0:0:0:0:0:0:0:1 "POST /api/v1/paymentMode HTTP/1.1" 200 (19 ms)
[14/Jun/2019:18:15:02 +0300] 0:0:0:0:0:0:0:1 "POST /api/v1/payment/modes HTTP/1.1" 200 (8 ms)
[14/Jun/2019:18:15:08 +0300] 0:0:0:0:0:0:0:1 "POST /api/v1/payment/modes HTTP/1.1" 200 (4 ms)
[14/Jun/2019:18:15:29 +0300] 0:0:0:0:0:0:0:1 "POST /api/v1/payment/mode HTTP/1.1" 200 (24 ms)
[14/Jun/2019:18:16:06 +0300] 0:0:0:0:0:0:0:1 "POST /api/v1/payment/mode HTTP/1.1" 200 (25 ms)
[14/Jun/2019:18:16:51 +0300] 0:0:0:0:0:0:0:1 "POST /api/v1/payment/mode HTTP/1.1" 200 (11 ms)
[14/Jun/2019:18:30:08 +0300] 0:0:0:0:0:0:0:1 "POST /api/v1/product HTTP/1.1" 200 (1045 ms)
[14/Jun/2019:18:31:31 +0300] 0:0:0:0:0:0:0:1 "POST /api/v1/product HTTP/1.1" 200 (23 ms)
[14/Jun/2019:18:32:15 +0300] 0:0:0:0:0:0:0:1 "POST /api/v1/product HTTP/1.1" 200 (114 ms)
[14/Jun/2019:18:33:55 +0300] 0:0:0:0:0:0:0:1 "POST /api/v1/product HTTP/1.1" 200 (754 ms)
[14/Jun/2019:18:33:59 +0300] 0:0:0:0:0:0:0:1 "POST /api/v1/product HTTP/1.1" 200 (26 ms)
[14/Jun/2019:18:40:30 +0300] 0:0:0:0:0:0:0:1 "POST /api/v1/product HTTP/1.1" 200 (1024 ms)
[14/Jun/2019:18:40:48 +0300] 0:0:0:0:0:0:0:1 "POST /api/v1/product HTTP/1.1" 200 (32 ms)
[14/Jun/2019:18:40:58 +0300] 0:0:0:0:0:0:0:1 "POST /api/v1/product HTTP/1.1" 200 (84 ms)
[14/Jun/2019:18:42:40 +0300] 0:0:0:0:0:0:0:1 "POST /api/v1/customer HTTP/1.1" 200 (619 ms)
[14/Jun/2019:18:43:08 +0300] 0:0:0:0:0:0:0:1 "POST /api/v1/address HTTP/1.1" 200 (423 ms)
[14/Jun/2019:18:43:14 +0300] 0:0:0:0:0:0:0:1 "POST /api/v1/category HTTP/1.1" 200 (36 ms)
[14/Jun/2019:18:43:20 +0300] 0:0:0:0:0:0:0:1 "POST /api/v1/category HTTP/1.1" 200 (28 ms)
[14/Jun/2019:18:43:22 +0300] 0:0:0:0:0:0:0:1 "POST /api/v1/category HTTP/1.1" 200 (18 ms)
[14/Jun/2019:18:43:30 +0300] 0:0:0:0:0:0:0:1 "POST /api/v1/unit HTTP/1.1" 200 (26 ms)
[14/Jun/2019:18:43:32 +0300] 0:0:0:0:0:0:0:1 "POST /api/v1/unit HTTP/1.1" 200 (14 ms)
[14/Jun/2019:18:43:35 +0300] 0:0:0:0:0:0:0:1 "POST /api/v1/unit HTTP/1.1" 200 (20 ms)
[14/Jun/2019:18:43:38 +0300] 0:0:0:0:0:0:0:1 "POST /api/v1/paymentMode HTTP/1.1" 200 (15 ms)
[14/Jun/2019:18:43:41 +0300] 0:0:0:0:0:0:0:1 "POST /api/v1/payment/modes HTTP/1.1" 200 (7 ms)
[14/Jun/2019:18:43:44 +0300] 0:0:0:0:0:0:0:1 "POST /api/v1/payment/mode HTTP/1.1" 200 (26 ms)
[14/Jun/2019:18:43:47 +0300] 0:0:0:0:0:0:0:1 "POST /api/v1/payment/mode HTTP/1.1" 200 (14 ms)
[14/Jun/2019:18:43:49 +0300] 0:0:0:0:0:0:0:1 "POST /api/v1/payment/mode HTTP/1.1" 200 (12 ms)
[14/Jun/2019:18:45:14 +0300] 0:0:0:0:0:0:0:1 "POST /api/v1/product HTTP/1.1" 200 (63 ms)
[14/Jun/2019:18:45:34 +0300] 0:0:0:0:0:0:0:1 "POST /api/v1/product HTTP/1.1" 200 (21 ms)
[14/Jun/2019:18:45:58 +0300] 0:0:0:0:0:0:0:1 "POST /api/v1/product HTTP/1.1" 200 (21 ms)
[14/Jun/2019:18:46:35 +0300] 0:0:0:0:0:0:0:1 "POST /api/v1/product HTTP/1.1" 200 (80 ms)
[14/Jun/2019:18:47:12 +0300] 0:0:0:0:0:0:0:1 "POST /api/v1/product HTTP/1.1" 200 (31 ms)
[14/Jun/2019:18:47:29 +0300] 0:0:0:0:0:0:0:1 "POST /api/v1/product HTTP/1.1" 200 (18 ms)
[14/Jun/2019:18:47:59 +0300] 0:0:0:0:0:0:0:1 "POST /api/v1/product HTTP/1.1" 200 (22 ms)
[14/Jun/2019:18:48:12 +0300] 0:0:0:0:0:0:0:1 "GET /api/v1/customer HTTP/1.1" 200 (83 ms)
[14/Jun/2019:18:48:12 +0300] 0:0:0:0:0:0:0:1 "GET /favicon.ico HTTP/1.1" 200 (44 ms)
[14/Jun/2019:18:48:18 +0300] 0:0:0:0:0:0:0:1 "GET /api/v1/product HTTP/1.1" 200 (42 ms)
[14/Jun/2019:18:52:52 +0300] 0:0:0:0:0:0:0:1 "POST /api/v1/address HTTP/1.1" 200 (860 ms)
[14/Jun/2019:19:01:11 +0300] 0:0:0:0:0:0:0:1 "POST /api/v1/address HTTP/1.1" 200 (581 ms)
[14/Jun/2019:19:01:19 +0300] 0:0:0:0:0:0:0:1 "POST /api/v1/address HTTP/1.1" 200 (9 ms)
[14/Jun/2019:19:01:24 +0300] 0:0:0:0:0:0:0:1 "POST /api/v1/address HTTP/1.1" 200 (8 ms)
[14/Jun/2019:19:01:28 +0300] 0:0:0:0:0:0:0:1 "POST /api/v1/address HTTP/1.1" 200 (6 ms)
[14/Jun/2019:19:01:31 +0300] 0:0:0:0:0:0:0:1 "POST /api/v1/address HTTP/1.1" 200 (6 ms)
[14/Jun/2019:19:01:32 +0300] 0:0:0:0:0:0:0:1 "POST /api/v1/address HTTP/1.1" 200 (7 ms)
[14/Jun/2019:19:05:23 +0300] 0:0:0:0:0:0:0:1 "POST /api/v1/address HTTP/1.1" 200 (540 ms)
[14/Jun/2019:19:06:13 +0300] 0:0:0:0:0:0:0:1 "POST /api/v1/address HTTP/1.1" 200 (492 ms)
[14/Jun/2019:19:06:32 +0300] 0:0:0:0:0:0:0:1 "POST /api/v1/product HTTP/1.1" 200 (32 ms)
[14/Jun/2019:19:06:42 +0300] 0:0:0:0:0:0:0:1 "POST /api/v1/product HTTP/1.1" 200 (9 ms)
[14/Jun/2019:19:08:47 +0300] 0:0:0:0:0:0:0:1 "POST /api/v1/product HTTP/1.1" 200 (246 ms)
[14/Jun/2019:19:09:18 +0300] 0:0:0:0:0:0:0:1 "POST /api/v1/product HTTP/1.1" 200 (227 ms)
[14/Jun/2019:19:09:32 +0300] 0:0:0:0:0:0:0:1 "POST /api/v1/product HTTP/1.1" 200 (361 ms)
[14/Jun/2019:19:09:50 +0300] 0:0:0:0:0:0:0:1 "GET /api/v1/product HTTP/1.1" 200 (148 ms)
[14/Jun/2019:19:09:50 +0300] 0:0:0:0:0:0:0:1 "GET /favicon.ico HTTP/1.1" 200 (32 ms)
[14/Jun/2019:19:10:06 +0300] 0:0:0:0:0:0:0:1 "GET /api/v1/address HTTP/1.1" 200 (27 ms)
[14/Jun/2019:19:10:39 +0300] 0:0:0:0:0:0:0:1 "GET /api/v1/product HTTP/1.1" 200 (20 ms)
[14/Jun/2019:19:10:49 +0300] 0:0:0:0:0:0:0:1 "GET /api/v1/product HTTP/1.1" 200 (28 ms)
[14/Jun/2019:19:10:49 +0300] 0:0:0:0:0:0:0:1 "GET /favicon.ico HTTP/1.1" 200 (12 ms)
[14/Jun/2019:19:11:32 +0300] 0:0:0:0:0:0:0:1 "POST /api/v1/products HTTP/1.1" 200 (19 ms)
[14/Jun/2019:19:11:38 +0300] 0:0:0:0:0:0:0:1 "POST /api/v1/products HTTP/1.1" 200 (5 ms)
[14/Jun/2019:19:11:44 +0300] 0:0:0:0:0:0:0:1 "GET /api/v1/products HTTP/1.1" 200 (19 ms)
[14/Jun/2019:19:28:04 +0300] 0:0:0:0:0:0:0:1 "GET /api/v1/product HTTP/1.1" 200 (399 ms)
[14/Jun/2019:19:28:04 +0300] 0:0:0:0:0:0:0:1 "GET /favicon.ico HTTP/1.1" 200 (21 ms)
[14/Jun/2019:19:28:25 +0300] 0:0:0:0:0:0:0:1 "GET /api/v1/product HTTP/1.1" 200 (19 ms)
[14/Jun/2019:19:28:25 +0300] 0:0:0:0:0:0:0:1 "GET /favicon.ico HTTP/1.1" 200 (10 ms)
